TN:calc_test
SF:/home/manwoodt/CPP3_SmartCalc_v2.0-1/src/headers/model.h
end_of_record
SF:/home/manwoodt/CPP3_SmartCalc_v2.0-1/src/MVC/model.cpp
FN:5,_ZN3s219CalcModelC2Ev
FNDA:1,_ZN3s219CalcModelC2Ev
FN:7,_ZNK3s219CalcModel9GetAnswerEv
FNDA:9,_ZNK3s219CalcModel9GetAnswerEv
FN:9,_ZNK3s219CalcModel8GetGraphEv
FNDA:0,_ZNK3s219CalcModel8GetGraphEv
FN:11,_ZN3s219CalcModel15CalculateAnswerERKNSt7__cxx1112basic_stringIcSt11char_traitsIcESaIcEEES6_
FNDA:9,_ZN3s219CalcModel15CalculateAnswerERKNSt7__cxx1112basic_stringIcSt11char_traitsIcESaIcEEES6_
FN:20,_ZN3s219CalcModel14CalculateGraphERKNSt7__cxx1112basic_stringIcSt11char_traitsIcESaIcEEEddddd
FNDA:0,_ZN3s219CalcModel14CalculateGraphERKNSt7__cxx1112basic_stringIcSt11char_traitsIcESaIcEEEddddd
FN:29,_ZN3s219CalcModel14CreateTokenMapEv
FNDA:1,_ZN3s219CalcModel14CreateTokenMapEv
FN:66,_ZN3s219CalcModel6CheckXENSt7__cxx1112basic_stringIcSt11char_traitsIcESaIcEEE
FNDA:9,_ZN3s219CalcModel6CheckXENSt7__cxx1112basic_stringIcSt11char_traitsIcESaIcEEE
FN:73,_ZN3s219CalcModel6ParserERKNSt7__cxx1112basic_stringIcSt11char_traitsIcESaIcEEE
FNDA:9,_ZN3s219CalcModel6ParserERKNSt7__cxx1112basic_stringIcSt11char_traitsIcESaIcEEE
FN:95,_ZN3s219CalcModel12AddTokenWordERKNSt7__cxx1112basic_stringIcSt11char_traitsIcESaIcEEERm
FNDA:2,_ZN3s219CalcModel12AddTokenWordERKNSt7__cxx1112basic_stringIcSt11char_traitsIcESaIcEEERm
FN:110,_ZN3s219CalcModel14AddTokenNumberERKNSt7__cxx1112basic_stringIcSt11char_traitsIcESaIcEEERm
FNDA:30,_ZN3s219CalcModel14AddTokenNumberERKNSt7__cxx1112basic_stringIcSt11char_traitsIcESaIcEEERm
FN:121,_ZN3s219CalcModel25MakeUnaryAndCheckBracketsEv
FNDA:9,_ZN3s219CalcModel25MakeUnaryAndCheckBracketsEv
FN:138,_ZN3s219CalcModel9MakeUnaryERSt5queueI5TokenSt5dequeIS2_SaIS2_EEE
FNDA:93,_ZN3s219CalcModel9MakeUnaryERSt5queueI5TokenSt5dequeIS2_SaIS2_EEE
FN:155,_ZN3s219CalcModel13CountBracketsERSt5queueI5TokenSt5dequeIS2_SaIS2_EEERiS8_
FNDA:93,_ZN3s219CalcModel13CountBracketsERSt5queueI5TokenSt5dequeIS2_SaIS2_EEERiS8_
FN:162,_ZN3s219CalcModel11CheckTokensEv
FNDA:9,_ZN3s219CalcModel11CheckTokensEv
FN:183,_ZN3s219CalcModel16ConvertToPostfixEv
FNDA:9,_ZN3s219CalcModel16ConvertToPostfixEv
FN:226,_ZN3s219CalcModel26PostfixNotationCalculationEv
FNDA:9,_ZN3s219CalcModel26PostfixNotationCalculationEv
FN:229,_ZZN3s219CalcModel26PostfixNotationCalculationEvENKUldE_clEd
FNDA:30,_ZZN3s219CalcModel26PostfixNotationCalculationEvENKUldE_clEd
FN:230,_ZZN3s219CalcModel26PostfixNotationCalculationEvENKUlSt8functionIFddEEE0_clES3_
FNDA:10,_ZZN3s219CalcModel26PostfixNotationCalculationEvENKUlSt8functionIFddEEE0_clES3_
FN:233,_ZZN3s219CalcModel26PostfixNotationCalculationEvENKUlSt8functionIFdddEEE1_clES3_
FNDA:22,_ZZN3s219CalcModel26PostfixNotationCalculationEvENKUlSt8functionIFdddEEE1_clES3_
FN:238,_ZZN3s219CalcModel26PostfixNotationCalculationEvENKUlT_E2_clIDnEEDaS1_
FNDA:1,_ZZN3s219CalcModel26PostfixNotationCalculationEvENKUlT_E2_clIDnEEDaS1_
FN:246,_ZN3s219CalcModel12PushToResultEd
FNDA:63,_ZN3s219CalcModel12PushToResultEd
FN:248,_ZN3s219CalcModel13PopFromResultEv
FNDA:63,_ZN3s219CalcModel13PopFromResultEv
FN:257,_ZN3s219CalcModel11ClearTokensEv
FNDA:9,_ZN3s219CalcModel11ClearTokensEv
FN:263,_ZN3s219CalcModel11CalculateXYEddddd
FNDA:0,_ZN3s219CalcModel11CalculateXYEddddd
DA:5,1
DA:7,9
DA:9,0
DA:11,9
DA:13,9
DA:14,9
DA:15,9
DA:16,9
DA:17,9
DA:18,9
DA:20,0
DA:23,0
DA:24,0
DA:25,0
DA:26,0
DA:27,0
DA:29,1
DA:34,1
DA:35,2
DA:36,2
DA:37,2
DA:38,2
DA:39,2
DA:40,2
DA:42,2
DA:44,2
DA:45,2
DA:46,2
DA:47,2
DA:48,2
DA:49,2
DA:50,2
DA:51,2
DA:52,2
DA:53,2
DA:54,2
DA:55,2
DA:56,2
DA:57,2
DA:58,2
DA:59,2
DA:60,2
DA:61,2
DA:62,76
DA:63,1
DA:64,27
DA:66,9
DA:67,9
DA:68,9
DA:69,1
DA:71,9
DA:73,9
DA:74,9
DA:76,102
DA:77,93
DA:79,93
DA:80,2
DA:81,91
DA:82,30
DA:84,61
DA:85,61
DA:86,61
DA:87,61
DA:89,0
DA:90,61
DA:91,61
DA:93,9
DA:95,2
DA:96,2
DA:98,2
DA:100,2
DA:101,2
DA:102,2
DA:103,2
DA:104,2
DA:105,2
DA:107,0
DA:108,2
DA:110,30
DA:111,30
DA:112,0
DA:113,30
DA:114,30
DA:115,30
DA:116,30
DA:117,30
DA:118,30
DA:119,30
DA:121,9
DA:122,9
DA:124,102
DA:125,93
DA:126,93
DA:129,9
DA:130,102
DA:131,93
DA:132,93
DA:134,9
DA:135,0
DA:136,9
DA:138,93
DA:139,93
DA:140,93
DA:141,93
DA:142,93
DA:144,93
DA:145,93
DA:146,151
DA:147,58
DA:149,93
DA:150,9
DA:151,84
DA:152,84
DA:153,93
DA:155,93
DA:157,93
DA:158,93
DA:159,93
DA:160,93
DA:162,9
DA:163,9
DA:164,9
DA:165,0
DA:166,0
DA:167,93
DA:168,84
DA:169,84
DA:170,84
DA:171,84
DA:172,0
DA:173,0
DA:176,9
DA:177,0
DA:178,0
DA:179,9
DA:180,9
DA:181,9
DA:183,9
DA:184,9
DA:185,9
DA:186,102
DA:187,93
DA:188,31
DA:189,31
DA:190,31
DA:191,31
DA:192,25
DA:195,25
DA:196,25
DA:197,25
DA:198,15
DA:199,29
DA:200,14
DA:201,14
DA:203,15
DA:204,15
DA:205,15
DA:206,22
DA:207,42
DA:208,15
DA:209,14
DA:210,12
DA:211,4
DA:212,5
DA:213,5
DA:215,22
DA:216,22
DA:217,22
DA:220,22
DA:221,13
DA:222,13
DA:224,9
DA:226,9
DA:227,72
DA:228,63
DA:229,30
DA:230,10
DA:231,10
DA:232,10
DA:233,22
DA:234,22
DA:235,22
DA:236,22
DA:237,22
DA:238,1
DA:239,63
DA:240,63
DA:243,9
DA:246,63
DA:248,63
DA:249,63
DA:250,63
DA:251,63
DA:252,63
DA:254,0
DA:257,9
DA:258,9
DA:259,0
DA:261,9
DA:263,0
DA:266,0
DA:267,0
DA:268,0
DA:269,0
DA:270,0
DA:271,0
DA:272,0
DA:273,0
DA:274,0
DA:276,0
DA:279,0
DA:280,0
end_of_record
TN:calc_test
SF:/home/manwoodt/CPP3_SmartCalc_v2.0-1/src/MVC/controller.cpp
FN:3,_ZN3s2110Controller14CalculateValueERKNSt7__cxx1112basic_stringIcSt11char_traitsIcESaIcEEES6_
FNDA:0,_ZN3s2110Controller14CalculateValueERKNSt7__cxx1112basic_stringIcSt11char_traitsIcESaIcEEES6_
FN:8,_ZN3s2110Controller14CalculateGraphERKNSt7__cxx1112basic_stringIcSt11char_traitsIcESaIcEEEddddd
FNDA:0,_ZN3s2110Controller14CalculateGraphERKNSt7__cxx1112basic_stringIcSt11char_traitsIcESaIcEEEddddd
FN:16,_ZNK3s2110Controller9GetAnswerEv
FNDA:0,_ZNK3s2110Controller9GetAnswerEv
FN:18,_ZN3s2110Controller15CalculateCreditENSt7__cxx1112basic_stringIcSt11char_traitsIcESaIcEEES6_bS6_b
FNDA:4,_ZN3s2110Controller15CalculateCreditENSt7__cxx1112basic_stringIcSt11char_traitsIcESaIcEEES6_bS6_b
DA:3,0
DA:5,0
DA:6,0
DA:8,0
DA:12,0
DA:13,0
DA:16,0
DA:18,4
DA:21,4
DA:22,4
end_of_record
TN:calc_test
SF:/home/manwoodt/CPP3_SmartCalc_v2.0-1/src/MVC/credit_model.cpp
FN:16,_ZN3s2115CreditCalcModelC2Ev
FNDA:1,_ZN3s2115CreditCalcModelC2Ev
FN:18,_ZN3s2115CreditCalcModel7SetDataERKNSt7__cxx1112basic_stringIcSt11char_traitsIcESaIcEEES8_bS8_b
FNDA:4,_ZN3s2115CreditCalcModel7SetDataERKNSt7__cxx1112basic_stringIcSt11char_traitsIcESaIcEEES8_bS8_b
FN:34,_ZNK3s2115CreditCalcModel16СalculateAnswerEv
FNDA:4,_ZNK3s2115CreditCalcModel16СalculateAnswerEv
FN:41,_ZNK3s2115CreditCalcModel17СalculateAnnuityEv
FNDA:2,_ZNK3s2115CreditCalcModel17СalculateAnnuityEv
FN:58,_ZNK3s2115CreditCalcModel24СalculateDifferentiatedEv
FNDA:2,_ZNK3s2115CreditCalcModel24СalculateDifferentiatedEv
DA:16,1
DA:18,4
DA:22,4
DA:23,4
DA:24,4
DA:25,4
DA:26,0
DA:27,0
DA:28,0
DA:29,0
DA:30,4
DA:31,4
DA:32,4
DA:34,4
DA:35,4
DA:36,2
DA:38,2
DA:41,2
DA:43,2
DA:44,2
DA:45,2
DA:46,2
DA:47,2
DA:48,2
DA:49,2
DA:50,2
DA:51,2
DA:52,2
DA:53,2
DA:54,2
DA:55,2
DA:58,2
DA:59,2
DA:60,50
DA:61,48
DA:62,48
DA:63,48
DA:64,48
DA:66,2
DA:67,2
DA:68,2
DA:70,2
DA:71,2
DA:72,2
DA:73,2
DA:74,2
end_of_record
