TN:test
SF:/home/manwoodt/School21/CPP3_SmartCalc_v2.0-1/src/model.cpp
FN:5,_ZN3s219CalcModelC2Ev
FNDA:1,_ZN3s219CalcModelC2Ev
FN:10,_ZN3s219CalcModel9GetAnswerEv
FNDA:7,_ZN3s219CalcModel9GetAnswerEv
FN:15,_ZN3s219CalcModel15CalculateAnswerENSt7__cxx1112basic_stringIcSt11char_traitsIcESaIcEEES6_
FNDA:7,_ZN3s219CalcModel15CalculateAnswerENSt7__cxx1112basic_stringIcSt11char_traitsIcESaIcEEES6_
FN:25,_ZN3s219CalcModel14CreateTokenMapEv
FNDA:1,_ZN3s219CalcModel14CreateTokenMapEv
FN:61,_ZN3s219CalcModel6ParserENSt7__cxx1112basic_stringIcSt11char_traitsIcESaIcEEE
FNDA:7,_ZN3s219CalcModel6ParserENSt7__cxx1112basic_stringIcSt11char_traitsIcESaIcEEE
FN:104,_ZN3s219CalcModel9MakeUnaryEv
FNDA:7,_ZN3s219CalcModel9MakeUnaryEv
FN:139,_ZN3s219CalcModel11CheckTokensEv
FNDA:7,_ZN3s219CalcModel11CheckTokensEv
FN:159,_ZN3s219CalcModel16ConvertToPostfixEv
FNDA:7,_ZN3s219CalcModel16ConvertToPostfixEv
FN:207,_ZN3s219CalcModel26PostfixNotationCalculationEv
FNDA:7,_ZN3s219CalcModel26PostfixNotationCalculationEv
FN:212,_ZZN3s219CalcModel26PostfixNotationCalculationEvENKUldE_clEd
FNDA:25,_ZZN3s219CalcModel26PostfixNotationCalculationEvENKUldE_clEd
FN:214,_ZZN3s219CalcModel26PostfixNotationCalculationEvENKUlSt8functionIFddEEE0_clES3_
FNDA:10,_ZZN3s219CalcModel26PostfixNotationCalculationEvENKUlSt8functionIFddEEE0_clES3_
FN:218,_ZZN3s219CalcModel26PostfixNotationCalculationEvENKUlSt8functionIFdddEEE1_clES3_
FNDA:18,_ZZN3s219CalcModel26PostfixNotationCalculationEvENKUlSt8functionIFdddEEE1_clES3_
FN:224,_ZZN3s219CalcModel26PostfixNotationCalculationEvENKUlT_E2_clIDnEEDaS1_
FNDA:0,_ZZN3s219CalcModel26PostfixNotationCalculationEvENKUlT_E2_clIDnEEDaS1_
FN:234,_ZN3s219CalcModel12PushToResultEd
FNDA:53,_ZN3s219CalcModel12PushToResultEd
FN:239,_ZN3s219CalcModel13PopFromResultEv
FNDA:53,_ZN3s219CalcModel13PopFromResultEv
FN:250,_ZN3s219CalcModel11ClearTokensEv
FNDA:7,_ZN3s219CalcModel11ClearTokensEv
DA:5,1
DA:7,1
DA:8,1
DA:10,7
DA:12,7
DA:15,7
DA:17,7
DA:18,0
DA:19,7
DA:20,7
DA:21,7
DA:22,7
DA:23,7
DA:25,1
DA:31,1
DA:32,2
DA:33,2
DA:34,2
DA:35,2
DA:36,2
DA:37,2
DA:38,2
DA:39,2
DA:40,2
DA:41,2
DA:42,2
DA:43,2
DA:44,2
DA:45,2
DA:46,2
DA:47,2
DA:48,2
DA:49,2
DA:50,2
DA:51,2
DA:52,2
DA:53,2
DA:54,2
DA:55,2
DA:56,2
DA:57,76
DA:58,1
DA:59,27
DA:61,7
DA:64,7
DA:65,7
DA:67,7
DA:68,7
DA:70,90
DA:72,83
DA:73,83
DA:75,83
DA:76,83
DA:79,25
DA:81,25
DA:82,25
DA:83,25
DA:87,58
DA:88,58
DA:90,58
DA:92,58
DA:95,0
DA:98,83
DA:99,83
DA:100,7
DA:101,7
DA:104,7
DA:106,7
DA:109,7
DA:112,90
DA:114,83
DA:115,83
DA:119,90
DA:121,83
DA:122,83
DA:124,83
DA:125,83
DA:127,83
DA:130,9
DA:134,74
DA:136,83
DA:137,7
DA:139,7
DA:141,7
DA:142,7
DA:143,0
DA:144,83
DA:146,76
DA:147,76
DA:148,76
DA:149,0
DA:150,0
DA:153,7
DA:154,0
DA:155,7
DA:156,7
DA:157,7
DA:159,7
DA:161,7
DA:162,90
DA:164,83
DA:166,25
DA:167,25
DA:168,25
DA:169,25
DA:170,25
DA:173,25
DA:174,25
DA:175,25
DA:176,15
DA:177,29
DA:179,14
DA:180,14
DA:182,15
DA:183,15
DA:184,15
DA:185,15
DA:186,18
DA:187,36
DA:188,13
DA:189,12
DA:190,10
DA:192,5
DA:193,5
DA:195,18
DA:196,18
DA:197,18
DA:200,16
DA:202,9
DA:203,9
DA:205,7
DA:207,7
DA:209,60
DA:211,53
DA:212,131
DA:213,25
DA:214,10
DA:216,10
DA:217,10
DA:218,18
DA:220,18
DA:221,18
DA:222,18
DA:223,18
DA:224,0
DA:225,0
DA:226,53
DA:227,53
DA:228,53
DA:231,7
DA:234,53
DA:236,53
DA:237,53
DA:239,53
DA:241,53
DA:243,53
DA:244,53
DA:245,53
DA:247,0
DA:250,7
DA:252,7
DA:254,0
DA:256,7
end_of_record
SF:/home/manwoodt/School21/CPP3_SmartCalc_v2.0-1/src/model.h
end_of_record
